CRITICAL - 2024-10-30 19:52:08 --> ErrorException: Undefined variable $photo
[Method: POST, Route: inscription]
in APPPATH\Views\validation.php on line 70.
 1 APPPATH\Views\validation.php(70): CodeIgniter\Debug\Exceptions->errorHandler(2, 'Undefined variable $photo', 'C:\\xampp\\htdocs\\firstproject\\app\\Views\\validation.php', 70)
 2 SYSTEMPATH\View\View.php(234): include('C:\\xampp\\htdocs\\firstproject\\app\\Views\\validation.php')
 3 SYSTEMPATH\View\View.php(237): CodeIgniter\View\View->CodeIgniter\View\{closure}()
 4 SYSTEMPATH\Common.php(1171): CodeIgniter\View\View->render('validation', [], true)
 5 APPPATH\Controllers\Home.php(65): view('validation', [...])
 6 SYSTEMPATH\CodeIgniter.php(933): App\Controllers\Home->inscription()
 7 SYSTEMPATH\CodeIgniter.php(509): CodeIgniter\CodeIgniter->runController(Object(App\Controllers\Home))
 8 SYSTEMPATH\CodeIgniter.php(355): CodeIgniter\CodeIgniter->handleRequest(null, Object(Config\Cache), false)
 9 SYSTEMPATH\Boot.php(325): CodeIgniter\CodeIgniter->run()
10 SYSTEMPATH\Boot.php(67): CodeIgniter\Boot::runCodeIgniter(Object(CodeIgniter\CodeIgniter))
11 FCPATH\index.php(56): CodeIgniter\Boot::bootWeb(Object(Config\Paths))
12 SYSTEMPATH\rewrite.php(44): require_once('C:\\xampp\\htdocs\\firstproject\\public\\index.php')
CRITICAL - 2024-10-30 19:54:05 --> ErrorException: Undefined variable $photo
[Method: POST, Route: inscription]
in APPPATH\Views\validation.php on line 70.
 1 APPPATH\Views\validation.php(70): CodeIgniter\Debug\Exceptions->errorHandler(2, 'Undefined variable $photo', 'C:\\xampp\\htdocs\\firstproject\\app\\Views\\validation.php', 70)
 2 SYSTEMPATH\View\View.php(234): include('C:\\xampp\\htdocs\\firstproject\\app\\Views\\validation.php')
 3 SYSTEMPATH\View\View.php(237): CodeIgniter\View\View->CodeIgniter\View\{closure}()
 4 SYSTEMPATH\Common.php(1171): CodeIgniter\View\View->render('validation', [], true)
 5 APPPATH\Controllers\Home.php(65): view('validation', [...])
 6 SYSTEMPATH\CodeIgniter.php(933): App\Controllers\Home->inscription()
 7 SYSTEMPATH\CodeIgniter.php(509): CodeIgniter\CodeIgniter->runController(Object(App\Controllers\Home))
 8 SYSTEMPATH\CodeIgniter.php(355): CodeIgniter\CodeIgniter->handleRequest(null, Object(Config\Cache), false)
 9 SYSTEMPATH\Boot.php(325): CodeIgniter\CodeIgniter->run()
10 SYSTEMPATH\Boot.php(67): CodeIgniter\Boot::runCodeIgniter(Object(CodeIgniter\CodeIgniter))
11 FCPATH\index.php(56): CodeIgniter\Boot::bootWeb(Object(Config\Paths))
12 SYSTEMPATH\rewrite.php(44): require_once('C:\\xampp\\htdocs\\firstproject\\public\\index.php')
