CRITICAL - 2024-11-14 10:08:43 --> CodeIgniter\View\Exceptions\ViewException: Invalid file: "welcom.php"
[Method: GET, Route: welcome]
in SYSTEMPATH\Exceptions\FrameworkException.php on line 41.
 1 SYSTEMPATH\View\View.php(222): CodeIgniter\Exceptions\FrameworkException::forInvalidFile('welcom.php')
 2 SYSTEMPATH\Common.php(1171): CodeIgniter\View\View->render('welcom', [], true)
 3 APPPATH\Controllers\TestController.php(57): view('welcom')
 4 SYSTEMPATH\CodeIgniter.php(933): App\Controllers\TestController->welcome()
 5 SYSTEMPATH\CodeIgniter.php(509): CodeIgniter\CodeIgniter->runController(Object(App\Controllers\TestController))
 6 SYSTEMPATH\CodeIgniter.php(355): CodeIgniter\CodeIgniter->handleRequest(null, Object(Config\Cache), false)
 7 SYSTEMPATH\Boot.php(325): CodeIgniter\CodeIgniter->run()
 8 SYSTEMPATH\Boot.php(67): CodeIgniter\Boot::runCodeIgniter(Object(CodeIgniter\CodeIgniter))
 9 FCPATH\index.php(56): CodeIgniter\Boot::bootWeb(Object(Config\Paths))
10 SYSTEMPATH\rewrite.php(44): require_once('C:\\xampp\\htdocs\\firstproject\\public\\index.php')
CRITICAL - 2024-11-14 10:09:24 --> CodeIgniter\View\Exceptions\ViewException: Invalid file: "welcom.php"
[Method: GET, Route: welcome]
in SYSTEMPATH\Exceptions\FrameworkException.php on line 41.
 1 SYSTEMPATH\View\View.php(222): CodeIgniter\Exceptions\FrameworkException::forInvalidFile('welcom.php')
 2 SYSTEMPATH\Common.php(1171): CodeIgniter\View\View->render('welcom', [], true)
 3 APPPATH\Controllers\TestController.php(57): view('welcom')
 4 SYSTEMPATH\CodeIgniter.php(933): App\Controllers\TestController->welcome()
 5 SYSTEMPATH\CodeIgniter.php(509): CodeIgniter\CodeIgniter->runController(Object(App\Controllers\TestController))
 6 SYSTEMPATH\CodeIgniter.php(355): CodeIgniter\CodeIgniter->handleRequest(null, Object(Config\Cache), false)
 7 SYSTEMPATH\Boot.php(325): CodeIgniter\CodeIgniter->run()
 8 SYSTEMPATH\Boot.php(67): CodeIgniter\Boot::runCodeIgniter(Object(CodeIgniter\CodeIgniter))
 9 FCPATH\index.php(56): CodeIgniter\Boot::bootWeb(Object(Config\Paths))
10 SYSTEMPATH\rewrite.php(44): require_once('C:\\xampp\\htdocs\\firstproject\\public\\index.php')
CRITICAL - 2024-11-14 10:10:09 --> CodeIgniter\View\Exceptions\ViewException: Invalid file: "welcom.php"
[Method: GET, Route: welcome]
in SYSTEMPATH\Exceptions\FrameworkException.php on line 41.
 1 SYSTEMPATH\View\View.php(222): CodeIgniter\Exceptions\FrameworkException::forInvalidFile('welcom.php')
 2 SYSTEMPATH\Common.php(1171): CodeIgniter\View\View->render('welcom', [], true)
 3 APPPATH\Controllers\TestController.php(57): view('welcom')
 4 SYSTEMPATH\CodeIgniter.php(933): App\Controllers\TestController->welcome()
 5 SYSTEMPATH\CodeIgniter.php(509): CodeIgniter\CodeIgniter->runController(Object(App\Controllers\TestController))
 6 SYSTEMPATH\CodeIgniter.php(355): CodeIgniter\CodeIgniter->handleRequest(null, Object(Config\Cache), false)
 7 SYSTEMPATH\Boot.php(325): CodeIgniter\CodeIgniter->run()
 8 SYSTEMPATH\Boot.php(67): CodeIgniter\Boot::runCodeIgniter(Object(CodeIgniter\CodeIgniter))
 9 FCPATH\index.php(56): CodeIgniter\Boot::bootWeb(Object(Config\Paths))
10 SYSTEMPATH\rewrite.php(44): require_once('C:\\xampp\\htdocs\\firstproject\\public\\index.php')
CRITICAL - 2024-11-14 10:10:19 --> CodeIgniter\View\Exceptions\ViewException: Invalid file: "welcom.php"
[Method: GET, Route: welcome]
in SYSTEMPATH\Exceptions\FrameworkException.php on line 41.
 1 SYSTEMPATH\View\View.php(222): CodeIgniter\Exceptions\FrameworkException::forInvalidFile('welcom.php')
 2 SYSTEMPATH\Common.php(1171): CodeIgniter\View\View->render('welcom', [], true)
 3 APPPATH\Controllers\TestController.php(57): view('welcom')
 4 SYSTEMPATH\CodeIgniter.php(933): App\Controllers\TestController->welcome()
 5 SYSTEMPATH\CodeIgniter.php(509): CodeIgniter\CodeIgniter->runController(Object(App\Controllers\TestController))
 6 SYSTEMPATH\CodeIgniter.php(355): CodeIgniter\CodeIgniter->handleRequest(null, Object(Config\Cache), false)
 7 SYSTEMPATH\Boot.php(325): CodeIgniter\CodeIgniter->run()
 8 SYSTEMPATH\Boot.php(67): CodeIgniter\Boot::runCodeIgniter(Object(CodeIgniter\CodeIgniter))
 9 FCPATH\index.php(56): CodeIgniter\Boot::bootWeb(Object(Config\Paths))
10 SYSTEMPATH\rewrite.php(44): require_once('C:\\xampp\\htdocs\\firstproject\\public\\index.php')
CRITICAL - 2024-11-14 10:11:07 --> CodeIgniter\View\Exceptions\ViewException: Invalid file: "welcom.php"
[Method: GET, Route: /]
in SYSTEMPATH\Exceptions\FrameworkException.php on line 41.
 1 SYSTEMPATH\View\View.php(222): CodeIgniter\Exceptions\FrameworkException::forInvalidFile('welcom.php')
 2 SYSTEMPATH\Common.php(1171): CodeIgniter\View\View->render('welcom', [], true)
 3 APPPATH\Controllers\TestController.php(57): view('welcom')
 4 SYSTEMPATH\CodeIgniter.php(933): App\Controllers\TestController->welcome()
 5 SYSTEMPATH\CodeIgniter.php(509): CodeIgniter\CodeIgniter->runController(Object(App\Controllers\TestController))
 6 SYSTEMPATH\CodeIgniter.php(355): CodeIgniter\CodeIgniter->handleRequest(null, Object(Config\Cache), false)
 7 SYSTEMPATH\Boot.php(325): CodeIgniter\CodeIgniter->run()
 8 SYSTEMPATH\Boot.php(67): CodeIgniter\Boot::runCodeIgniter(Object(CodeIgniter\CodeIgniter))
 9 FCPATH\index.php(56): CodeIgniter\Boot::bootWeb(Object(Config\Paths))
10 SYSTEMPATH\rewrite.php(44): require_once('C:\\xampp\\htdocs\\firstproject\\public\\index.php')
CRITICAL - 2024-11-14 10:11:08 --> CodeIgniter\View\Exceptions\ViewException: Invalid file: "welcom.php"
[Method: GET, Route: /]
in SYSTEMPATH\Exceptions\FrameworkException.php on line 41.
 1 SYSTEMPATH\View\View.php(222): CodeIgniter\Exceptions\FrameworkException::forInvalidFile('welcom.php')
 2 SYSTEMPATH\Common.php(1171): CodeIgniter\View\View->render('welcom', [], true)
 3 APPPATH\Controllers\TestController.php(57): view('welcom')
 4 SYSTEMPATH\CodeIgniter.php(933): App\Controllers\TestController->welcome()
 5 SYSTEMPATH\CodeIgniter.php(509): CodeIgniter\CodeIgniter->runController(Object(App\Controllers\TestController))
 6 SYSTEMPATH\CodeIgniter.php(355): CodeIgniter\CodeIgniter->handleRequest(null, Object(Config\Cache), false)
 7 SYSTEMPATH\Boot.php(325): CodeIgniter\CodeIgniter->run()
 8 SYSTEMPATH\Boot.php(67): CodeIgniter\Boot::runCodeIgniter(Object(CodeIgniter\CodeIgniter))
 9 FCPATH\index.php(56): CodeIgniter\Boot::bootWeb(Object(Config\Paths))
10 SYSTEMPATH\rewrite.php(44): require_once('C:\\xampp\\htdocs\\firstproject\\public\\index.php')
CRITICAL - 2024-11-14 10:11:10 --> CodeIgniter\View\Exceptions\ViewException: Invalid file: "welcom.php"
[Method: GET, Route: /]
in SYSTEMPATH\Exceptions\FrameworkException.php on line 41.
 1 SYSTEMPATH\View\View.php(222): CodeIgniter\Exceptions\FrameworkException::forInvalidFile('welcom.php')
 2 SYSTEMPATH\Common.php(1171): CodeIgniter\View\View->render('welcom', [], true)
 3 APPPATH\Controllers\TestController.php(57): view('welcom')
 4 SYSTEMPATH\CodeIgniter.php(933): App\Controllers\TestController->welcome()
 5 SYSTEMPATH\CodeIgniter.php(509): CodeIgniter\CodeIgniter->runController(Object(App\Controllers\TestController))
 6 SYSTEMPATH\CodeIgniter.php(355): CodeIgniter\CodeIgniter->handleRequest(null, Object(Config\Cache), false)
 7 SYSTEMPATH\Boot.php(325): CodeIgniter\CodeIgniter->run()
 8 SYSTEMPATH\Boot.php(67): CodeIgniter\Boot::runCodeIgniter(Object(CodeIgniter\CodeIgniter))
 9 FCPATH\index.php(56): CodeIgniter\Boot::bootWeb(Object(Config\Paths))
10 SYSTEMPATH\rewrite.php(44): require_once('C:\\xampp\\htdocs\\firstproject\\public\\index.php')
CRITICAL - 2024-11-14 10:11:22 --> CodeIgniter\View\Exceptions\ViewException: Invalid file: "welcom.php"
[Method: GET, Route: /]
in SYSTEMPATH\Exceptions\FrameworkException.php on line 41.
 1 SYSTEMPATH\View\View.php(222): CodeIgniter\Exceptions\FrameworkException::forInvalidFile('welcom.php')
 2 SYSTEMPATH\Common.php(1171): CodeIgniter\View\View->render('welcom', [], true)
 3 APPPATH\Controllers\TestController.php(57): view('welcom')
 4 SYSTEMPATH\CodeIgniter.php(933): App\Controllers\TestController->welcome()
 5 SYSTEMPATH\CodeIgniter.php(509): CodeIgniter\CodeIgniter->runController(Object(App\Controllers\TestController))
 6 SYSTEMPATH\CodeIgniter.php(355): CodeIgniter\CodeIgniter->handleRequest(null, Object(Config\Cache), false)
 7 SYSTEMPATH\Boot.php(325): CodeIgniter\CodeIgniter->run()
 8 SYSTEMPATH\Boot.php(67): CodeIgniter\Boot::runCodeIgniter(Object(CodeIgniter\CodeIgniter))
 9 FCPATH\index.php(56): CodeIgniter\Boot::bootWeb(Object(Config\Paths))
10 SYSTEMPATH\rewrite.php(44): require_once('C:\\xampp\\htdocs\\firstproject\\public\\index.php')
CRITICAL - 2024-11-14 10:11:59 --> ErrorException: Undefined variable $email
[Method: GET, Route: /]
in APPPATH\Views\welcome.php on line 27.
 1 APPPATH\Views\welcome.php(27): CodeIgniter\Debug\Exceptions->errorHandler(2, 'Undefined variable $email', 'C:\\xampp\\htdocs\\firstproject\\app\\Views\\welcome.php', 27)
 2 SYSTEMPATH\View\View.php(234): include('C:\\xampp\\htdocs\\firstproject\\app\\Views\\welcome.php')
 3 SYSTEMPATH\View\View.php(237): CodeIgniter\View\View->CodeIgniter\View\{closure}()
 4 SYSTEMPATH\Common.php(1171): CodeIgniter\View\View->render('welcome', [], true)
 5 APPPATH\Controllers\TestController.php(12): view('welcome')
 6 SYSTEMPATH\CodeIgniter.php(933): App\Controllers\TestController->welcome()
 7 SYSTEMPATH\CodeIgniter.php(509): CodeIgniter\CodeIgniter->runController(Object(App\Controllers\TestController))
 8 SYSTEMPATH\CodeIgniter.php(355): CodeIgniter\CodeIgniter->handleRequest(null, Object(Config\Cache), false)
 9 SYSTEMPATH\Boot.php(325): CodeIgniter\CodeIgniter->run()
10 SYSTEMPATH\Boot.php(67): CodeIgniter\Boot::runCodeIgniter(Object(CodeIgniter\CodeIgniter))
11 FCPATH\index.php(56): CodeIgniter\Boot::bootWeb(Object(Config\Paths))
12 SYSTEMPATH\rewrite.php(44): require_once('C:\\xampp\\htdocs\\firstproject\\public\\index.php')
CRITICAL - 2024-11-14 10:15:07 --> ErrorException: Undefined variable $name
[Method: GET, Route: welcome]
in APPPATH\Controllers\TestController.php on line 58.
 1 APPPATH\Controllers\TestController.php(58): CodeIgniter\Debug\Exceptions->errorHandler(2, 'Undefined variable $name', 'C:\\xampp\\htdocs\\firstproject\\app\\Controllers\\TestController.php', 58)
 2 SYSTEMPATH\CodeIgniter.php(933): App\Controllers\TestController->welcome()
 3 SYSTEMPATH\CodeIgniter.php(509): CodeIgniter\CodeIgniter->runController(Object(App\Controllers\TestController))
 4 SYSTEMPATH\CodeIgniter.php(355): CodeIgniter\CodeIgniter->handleRequest(null, Object(Config\Cache), false)
 5 SYSTEMPATH\Boot.php(325): CodeIgniter\CodeIgniter->run()
 6 SYSTEMPATH\Boot.php(67): CodeIgniter\Boot::runCodeIgniter(Object(CodeIgniter\CodeIgniter))
 7 FCPATH\index.php(56): CodeIgniter\Boot::bootWeb(Object(Config\Paths))
 8 SYSTEMPATH\rewrite.php(44): require_once('C:\\xampp\\htdocs\\firstproject\\public\\index.php')
CRITICAL - 2024-11-14 10:15:21 --> ErrorException: Undefined variable $name
[Method: GET, Route: welcome]
in APPPATH\Controllers\TestController.php on line 58.
 1 APPPATH\Controllers\TestController.php(58): CodeIgniter\Debug\Exceptions->errorHandler(2, 'Undefined variable $name', 'C:\\xampp\\htdocs\\firstproject\\app\\Controllers\\TestController.php', 58)
 2 SYSTEMPATH\CodeIgniter.php(933): App\Controllers\TestController->welcome()
 3 SYSTEMPATH\CodeIgniter.php(509): CodeIgniter\CodeIgniter->runController(Object(App\Controllers\TestController))
 4 SYSTEMPATH\CodeIgniter.php(355): CodeIgniter\CodeIgniter->handleRequest(null, Object(Config\Cache), false)
 5 SYSTEMPATH\Boot.php(325): CodeIgniter\CodeIgniter->run()
 6 SYSTEMPATH\Boot.php(67): CodeIgniter\Boot::runCodeIgniter(Object(CodeIgniter\CodeIgniter))
 7 FCPATH\index.php(56): CodeIgniter\Boot::bootWeb(Object(Config\Paths))
 8 SYSTEMPATH\rewrite.php(44): require_once('C:\\xampp\\htdocs\\firstproject\\public\\index.php')
CRITICAL - 2024-11-14 10:16:16 --> ErrorException: Undefined variable $email
[Method: GET, Route: welcome]
in APPPATH\Controllers\TestController.php on line 59.
 1 APPPATH\Controllers\TestController.php(59): CodeIgniter\Debug\Exceptions->errorHandler(2, 'Undefined variable $email', 'C:\\xampp\\htdocs\\firstproject\\app\\Controllers\\TestController.php', 59)
 2 SYSTEMPATH\CodeIgniter.php(933): App\Controllers\TestController->welcome()
 3 SYSTEMPATH\CodeIgniter.php(509): CodeIgniter\CodeIgniter->runController(Object(App\Controllers\TestController))
 4 SYSTEMPATH\CodeIgniter.php(355): CodeIgniter\CodeIgniter->handleRequest(null, Object(Config\Cache), false)
 5 SYSTEMPATH\Boot.php(325): CodeIgniter\CodeIgniter->run()
 6 SYSTEMPATH\Boot.php(67): CodeIgniter\Boot::runCodeIgniter(Object(CodeIgniter\CodeIgniter))
 7 FCPATH\index.php(56): CodeIgniter\Boot::bootWeb(Object(Config\Paths))
 8 SYSTEMPATH\rewrite.php(44): require_once('C:\\xampp\\htdocs\\firstproject\\public\\index.php')
